<?xml version="1.0" encoding="UTF-8"?>
<robot generator="Robot 3.0.4 (Python 3.7.0 on win32)" generated="20180902 23:39:55.947">
<suite id="s1" name="Test" source="C:\Users\petri.ryynanen\git\Robot_Framework_REST\Robot_Framework_REST\tests\test.robot">
<test id="s1-t1" name="Get test">
<kw name="Test run">
<kw name="Create File" library="OperatingSystem">
<doc>Creates a file with the given content and encoding.</doc>
<arguments>
<arg>${save_response_location}</arg>
<arg>${file}</arg>
</arguments>
<msg timestamp="20180902 23:39:56.123" level="FAIL">PermissionError: [Errno 13] Permission denied: 'C:\\Users\\petri.ryynanen\\eclipse-workspace\\Robot_Framework_REST\\Responses'</msg>
<status status="FAIL" starttime="20180902 23:39:56.120" endtime="20180902 23:39:56.123"></status>
</kw>
<status status="FAIL" starttime="20180902 23:39:56.119" endtime="20180902 23:39:56.123"></status>
</kw>
<status status="FAIL" starttime="20180902 23:39:56.119" endtime="20180902 23:39:56.124" critical="yes">PermissionError: [Errno 13] Permission denied: 'C:\\Users\\petri.ryynanen\\eclipse-workspace\\Robot_Framework_REST\\Responses'</status>
</test>
<status status="FAIL" starttime="20180902 23:39:55.952" endtime="20180902 23:39:56.125"></status>
</suite>
<statistics>
<total>
<stat pass="0" fail="1">Critical Tests</stat>
<stat pass="0" fail="1">All Tests</stat>
</total>
<tag>
</tag>
<suite>
<stat pass="0" fail="1" id="s1" name="Test">Test</stat>
</suite>
</statistics>
<errors>
</errors>
</robot>
